[ 2017-12-07T14:47:03+08:00 ] 127.0.0.1 /admin/login/login
INFO: [ app_init ] --START--
INFO: Run Behavior\BuildLiteBehavior [ RunTime:0.000011s ]
INFO: [ app_init ] --END-- [ RunTime:0.011326s ]
INFO: [ app_begin ] --START--
INFO: Run Behavior\ReadHtmlCacheBehavior [ RunTime:0.017305s ]
INFO: [ app_begin ] --END-- [ RunTime:0.017353s ]
INFO: [ view_parse ] --START--
INFO: [ template_filter ] --START--
INFO: Run Behavior\ContentReplaceBehavior [ RunTime:0.000043s ]
INFO: [ template_filter ] --END-- [ RunTime:0.000085s ]
INFO: Run Behavior\ParseTemplateBehavior [ RunTime:0.293541s ]
INFO: [ view_parse ] --END-- [ RunTime:0.293591s ]
INFO: [ view_filter ] --START--
INFO: Run Behavior\WriteHtmlCacheBehavior [ RunTime:0.011036s ]
INFO: [ view_filter ] --END-- [ RunTime:0.011075s ]

[ 2017-12-07T14:47:03+08:00 ] 127.0.0.1 /Admin/Login/verify.html
INFO: [ app_init ] --START--
INFO: Run Behavior\BuildLiteBehavior [ RunTime:0.000017s ]
INFO: [ app_init ] --END-- [ RunTime:0.000360s ]
INFO: [ app_begin ] --START--
INFO: Run Behavior\ReadHtmlCacheBehavior [ RunTime:0.000557s ]
INFO: [ app_begin ] --END-- [ RunTime:0.000634s ]
INFO: [ app_end ] --START--
INFO: Run Behavior\ShowPageTraceBehavior [ RunTime:0.008190s ]
INFO: [ app_end ] --END-- [ RunTime:0.008255s ]

[ 2017-12-07T14:47:10+08:00 ] 127.0.0.1 /Admin/Login/verify.html?time=1512629230569
INFO: [ app_init ] --START--
INFO: Run Behavior\BuildLiteBehavior [ RunTime:0.000008s ]
INFO: [ app_init ] --END-- [ RunTime:0.000216s ]
INFO: [ app_begin ] --START--
INFO: Run Behavior\ReadHtmlCacheBehavior [ RunTime:0.000266s ]
INFO: [ app_begin ] --END-- [ RunTime:0.000296s ]
INFO: [ app_end ] --START--
INFO: Run Behavior\ShowPageTraceBehavior [ RunTime:0.001533s ]
INFO: [ app_end ] --END-- [ RunTime:0.001668s ]

[ 2017-12-07T14:47:12+08:00 ] 127.0.0.1 /Admin/Login/verify.html?time=1512629232040
INFO: [ app_init ] --START--
INFO: Run Behavior\BuildLiteBehavior [ RunTime:0.000009s ]
INFO: [ app_init ] --END-- [ RunTime:0.000269s ]
INFO: [ app_begin ] --START--
INFO: Run Behavior\ReadHtmlCacheBehavior [ RunTime:0.000321s ]
INFO: [ app_begin ] --END-- [ RunTime:0.000357s ]
INFO: [ app_end ] --START--
INFO: Run Behavior\ShowPageTraceBehavior [ RunTime:0.000421s ]
INFO: [ app_end ] --END-- [ RunTime:0.000470s ]

[ 2017-12-07T14:47:16+08:00 ] 127.0.0.1 /admin/login/login
INFO: [ app_init ] --START--
INFO: Run Behavior\BuildLiteBehavior [ RunTime:0.000011s ]
INFO: [ app_init ] --END-- [ RunTime:0.000314s ]
INFO: [ app_begin ] --START--
INFO: Run Behavior\ReadHtmlCacheBehavior [ RunTime:0.000342s ]
INFO: [ app_begin ] --END-- [ RunTime:0.000381s ]
NOTIC: [8] Undefined index: validate D:\wamp\PHPTutorial\shop\ThinkPHP\Library\Think\Model.class.php 第 1185 行.
NOTIC: [8] Undefined index: auto D:\wamp\PHPTutorial\shop\ThinkPHP\Library\Think\Model.class.php 第 1128 行.
SQL: SELECT * FROM `shop_admin` WHERE ( username='admin' ) LIMIT 1   [ RunTime:0.0004s ]
INFO: [ view_parse ] --START--
INFO: [ template_filter ] --START--
INFO: Run Behavior\ContentReplaceBehavior [ RunTime:0.000039s ]
INFO: [ template_filter ] --END-- [ RunTime:0.000083s ]
INFO: Run Behavior\ParseTemplateBehavior [ RunTime:0.084405s ]
INFO: [ view_parse ] --END-- [ RunTime:0.084474s ]
INFO: [ view_filter ] --START--
INFO: Run Behavior\WriteHtmlCacheBehavior [ RunTime:0.000212s ]
INFO: [ view_filter ] --END-- [ RunTime:0.000246s ]
INFO: [ app_end ] --START--
INFO: Run Behavior\ShowPageTraceBehavior [ RunTime:0.000348s ]
INFO: [ app_end ] --END-- [ RunTime:0.000378s ]

[ 2017-12-07T14:47:18+08:00 ] 127.0.0.1 /Admin/Index/index.html
INFO: [ app_init ] --START--
INFO: Run Behavior\BuildLiteBehavior [ RunTime:0.000033s ]
INFO: [ app_init ] --END-- [ RunTime:0.001013s ]
INFO: [ app_begin ] --START--
INFO: Run Behavior\ReadHtmlCacheBehavior [ RunTime:0.001228s ]
INFO: [ app_begin ] --END-- [ RunTime:0.001360s ]
INFO: [ view_parse ] --START--
INFO: [ template_filter ] --START--
INFO: Run Behavior\ContentReplaceBehavior [ RunTime:0.000047s ]
INFO: [ template_filter ] --END-- [ RunTime:0.000107s ]
INFO: Run Behavior\ParseTemplateBehavior [ RunTime:0.077422s ]
INFO: [ view_parse ] --END-- [ RunTime:0.077486s ]
INFO: [ view_filter ] --START--
INFO: Run Behavior\WriteHtmlCacheBehavior [ RunTime:0.000308s ]
INFO: [ view_filter ] --END-- [ RunTime:0.000349s ]
INFO: [ app_end ] --START--
INFO: Run Behavior\ShowPageTraceBehavior [ RunTime:0.000503s ]
INFO: [ app_end ] --END-- [ RunTime:0.000550s ]

[ 2017-12-07T14:47:18+08:00 ] 127.0.0.1 /Admin/Index/top.html
INFO: [ app_init ] --START--
INFO: Run Behavior\BuildLiteBehavior [ RunTime:0.000019s ]
INFO: [ app_init ] --END-- [ RunTime:0.000527s ]
INFO: [ app_begin ] --START--
INFO: Run Behavior\ReadHtmlCacheBehavior [ RunTime:0.000944s ]
INFO: [ app_begin ] --END-- [ RunTime:0.001054s ]
INFO: [ view_parse ] --START--
INFO: [ template_filter ] --START--
INFO: Run Behavior\ContentReplaceBehavior [ RunTime:0.000045s ]
INFO: [ template_filter ] --END-- [ RunTime:0.000082s ]
INFO: Run Behavior\ParseTemplateBehavior [ RunTime:0.035806s ]
INFO: [ view_parse ] --END-- [ RunTime:0.035856s ]
INFO: [ view_filter ] --START--
INFO: Run Behavior\WriteHtmlCacheBehavior [ RunTime:0.000154s ]
INFO: [ view_filter ] --END-- [ RunTime:0.000176s ]
INFO: [ app_end ] --START--
INFO: Run Behavior\ShowPageTraceBehavior [ RunTime:0.000276s ]
INFO: [ app_end ] --END-- [ RunTime:0.000301s ]

[ 2017-12-07T14:47:18+08:00 ] 127.0.0.1 /Admin/Index/main.html
INFO: [ app_init ] --START--
INFO: Run Behavior\BuildLiteBehavior [ RunTime:0.000014s ]
INFO: [ app_init ] --END-- [ RunTime:0.000453s ]
INFO: [ app_begin ] --START--
INFO: Run Behavior\ReadHtmlCacheBehavior [ RunTime:0.000337s ]
INFO: [ app_begin ] --END-- [ RunTime:0.000374s ]
INFO: [ view_parse ] --START--
INFO: [ template_filter ] --START--
INFO: Run Behavior\ContentReplaceBehavior [ RunTime:0.000042s ]
INFO: [ template_filter ] --END-- [ RunTime:0.000080s ]
INFO: Run Behavior\ParseTemplateBehavior [ RunTime:0.022324s ]
INFO: [ view_parse ] --END-- [ RunTime:0.022382s ]
INFO: [ view_filter ] --START--
INFO: Run Behavior\WriteHtmlCacheBehavior [ RunTime:0.000248s ]
INFO: [ view_filter ] --END-- [ RunTime:0.000277s ]
INFO: [ app_end ] --START--
INFO: Run Behavior\ShowPageTraceBehavior [ RunTime:0.000309s ]
INFO: [ app_end ] --END-- [ RunTime:0.000336s ]

[ 2017-12-07T14:47:19+08:00 ] 127.0.0.1 /Admin/Index/menu.html
INFO: [ app_init ] --START--
INFO: Run Behavior\BuildLiteBehavior [ RunTime:0.000030s ]
INFO: [ app_init ] --END-- [ RunTime:0.000847s ]
INFO: [ app_begin ] --START--
INFO: Run Behavior\ReadHtmlCacheBehavior [ RunTime:0.000796s ]
INFO: [ app_begin ] --END-- [ RunTime:0.000869s ]
INFO: [ view_parse ] --START--
INFO: [ template_filter ] --START--
INFO: Run Behavior\ContentReplaceBehavior [ RunTime:0.000114s ]
INFO: [ template_filter ] --END-- [ RunTime:0.000167s ]
NOTIC: [8] Use of undefined constant action_name - assumed 'action_name' D:\wamp\PHPTutorial\shop\Application\Runtime\Cache\Admin\4711116eb0e4f69de5996d5f852d801e.php 第 129 行.
INFO: Run Behavior\ParseTemplateBehavior [ RunTime:0.117837s ]
INFO: [ view_parse ] --END-- [ RunTime:0.117887s ]
INFO: [ view_filter ] --START--
INFO: Run Behavior\WriteHtmlCacheBehavior [ RunTime:0.000367s ]
INFO: [ view_filter ] --END-- [ RunTime:0.000405s ]
INFO: [ app_end ] --START--
INFO: Run Behavior\ShowPageTraceBehavior [ RunTime:0.000879s ]
INFO: [ app_end ] --END-- [ RunTime:0.000959s ]

[ 2017-12-07T14:47:19+08:00 ] 127.0.0.1 /Admin/Index/Js/utils.js
INFO: [ app_init ] --START--
INFO: Run Behavior\BuildLiteBehavior [ RunTime:0.000010s ]
INFO: [ app_init ] --END-- [ RunTime:0.000233s ]
INFO: [ app_begin ] --START--
INFO: Run Behavior\ReadHtmlCacheBehavior [ RunTime:0.000275s ]
INFO: [ app_begin ] --END-- [ RunTime:0.000305s ]
ERR: 非法操作:Js

[ 2017-12-07T14:47:20+08:00 ] 127.0.0.1 /Admin/Index/Js/global.js
INFO: [ app_init ] --START--
INFO: Run Behavior\BuildLiteBehavior [ RunTime:0.000034s ]
INFO: [ app_init ] --END-- [ RunTime:0.001148s ]
INFO: [ app_begin ] --START--
INFO: Run Behavior\ReadHtmlCacheBehavior [ RunTime:0.001076s ]
INFO: [ app_begin ] --END-- [ RunTime:0.001219s ]
ERR: 非法操作:Js

[ 2017-12-07T14:47:20+08:00 ] 127.0.0.1 /Admin/Index/Js/transport.js
INFO: [ app_init ] --START--
INFO: Run Behavior\BuildLiteBehavior [ RunTime:0.000030s ]
INFO: [ app_init ] --END-- [ RunTime:0.000908s ]
INFO: [ app_begin ] --START--
INFO: Run Behavior\ReadHtmlCacheBehavior [ RunTime:0.001428s ]
INFO: [ app_begin ] --END-- [ RunTime:0.001600s ]
ERR: 非法操作:Js

[ 2017-12-07T14:47:20+08:00 ] 127.0.0.1 /Admin/Index/Js/utils.js
INFO: [ app_init ] --START--
INFO: Run Behavior\BuildLiteBehavior [ RunTime:0.000012s ]
INFO: [ app_init ] --END-- [ RunTime:0.000358s ]
INFO: [ app_begin ] --START--
INFO: Run Behavior\ReadHtmlCacheBehavior [ RunTime:0.000409s ]
INFO: [ app_begin ] --END-- [ RunTime:0.000452s ]
ERR: 非法操作:Js

[ 2017-12-07T14:47:20+08:00 ] 127.0.0.1 /Admin/Index/Js/transport.js
INFO: [ app_init ] --START--
INFO: Run Behavior\BuildLiteBehavior [ RunTime:0.000009s ]
INFO: [ app_init ] --END-- [ RunTime:0.000232s ]
INFO: [ app_begin ] --START--
INFO: Run Behavior\ReadHtmlCacheBehavior [ RunTime:0.000268s ]
INFO: [ app_begin ] --END-- [ RunTime:0.000298s ]
ERR: 非法操作:Js

[ 2017-12-07T14:47:34+08:00 ] 127.0.0.1 /Admin/Goods/edit
INFO: [ app_init ] --START--
INFO: Run Behavior\BuildLiteBehavior [ RunTime:0.000010s ]
INFO: [ app_init ] --END-- [ RunTime:0.000242s ]
INFO: [ app_begin ] --START--
INFO: Run Behavior\ReadHtmlCacheBehavior [ RunTime:0.000285s ]
INFO: [ app_begin ] --END-- [ RunTime:0.000320s ]
SQL: SHOW COLUMNS FROM `shop_category` [ RunTime:0.0371s ]
SQL: SELECT * FROM `shop_goods` WHERE ( id=0 ) LIMIT 1   [ RunTime:0.0004s ]
SQL: SHOW COLUMNS FROM `shop_goods_attr` [ RunTime:0.1692s ]
SQL: SELECT a.*,b.attr_name,b.attr_input_type,b.attr_type,b.attr_values FROM shop_goods_attr a left join shop_attribute b on a.attr_id=b.id  WHERE ( a.goods_id=0 )  [ RunTime:0.0005s ]
NOTIC: [8] Undefined variable: attr_list D:\wamp\PHPTutorial\shop\Application\Admin\Controller\GoodsController.class.php 第 180 行.
SQL: SHOW COLUMNS FROM `shop_type` [ RunTime:0.1065s ]
SQL: SELECT * FROM `shop_type`  [ RunTime:0.0003s ]
SQL: SHOW COLUMNS FROM `shop_goods_img` [ RunTime:0.2658s ]
SQL: SELECT * FROM `shop_goods_img` WHERE ( goods_id=0 )  [ RunTime:0.0006s ]
INFO: [ view_parse ] --START--
INFO: [ template_filter ] --START--
INFO: Run Behavior\ContentReplaceBehavior [ RunTime:0.000095s ]
INFO: [ template_filter ] --END-- [ RunTime:0.000128s ]
NOTIC: [8] Undefined index: goods_name D:\wamp\PHPTutorial\shop\Application\Runtime\Cache\Admin\a68982ab60d400bc8aceea561f470ef1.php 第 35 行.
NOTIC: [8] Undefined index: goods_sn D:\wamp\PHPTutorial\shop\Application\Runtime\Cache\Admin\a68982ab60d400bc8aceea561f470ef1.php 第 41 行.
NOTIC: [8] Undefined index: goods_number D:\wamp\PHPTutorial\shop\Application\Runtime\Cache\Admin\a68982ab60d400bc8aceea561f470ef1.php 第 49 行.
NOTIC: [8] Undefined index: cate_id D:\wamp\PHPTutorial\shop\Application\Runtime\Cache\Admin\a68982ab60d400bc8aceea561f470ef1.php 第 57 行.
NOTIC: [8] Undefined index: cate_id D:\wamp\PHPTutorial\shop\Application\Runtime\Cache\Admin\a68982ab60d400bc8aceea561f470ef1.php 第 57 行.
NOTIC: [8] Undefined index: cate_id D:\wamp\PHPTutorial\shop\Application\Runtime\Cache\Admin\a68982ab60d400bc8aceea561f470ef1.php 第 57 行.
NOTIC: [8] Undefined index: cate_id D:\wamp\PHPTutorial\shop\Application\Runtime\Cache\Admin\a68982ab60d400bc8aceea561f470ef1.php 第 57 行.
NOTIC: [8] Undefined index: cate_id D:\wamp\PHPTutorial\shop\Application\Runtime\Cache\Admin\a68982ab60d400bc8aceea561f470ef1.php 第 57 行.
NOTIC: [8] Undefined index: cate_id D:\wamp\PHPTutorial\shop\Application\Runtime\Cache\Admin\a68982ab60d400bc8aceea561f470ef1.php 第 57 行.
NOTIC: [8] Undefined index: cate_id D:\wamp\PHPTutorial\shop\Application\Runtime\Cache\Admin\a68982ab60d400bc8aceea561f470ef1.php 第 57 行.
NOTIC: [8] Undefined index: cate_id D:\wamp\PHPTutorial\shop\Application\Runtime\Cache\Admin\a68982ab60d400bc8aceea561f470ef1.php 第 57 行.
NOTIC: [8] Undefined index: cate_id D:\wamp\PHPTutorial\shop\Application\Runtime\Cache\Admin\a68982ab60d400bc8aceea561f470ef1.php 第 57 行.
NOTIC: [8] Undefined index: cate_id D:\wamp\PHPTutorial\shop\Application\Runtime\Cache\Admin\a68982ab60d400bc8aceea561f470ef1.php 第 57 行.
NOTIC: [8] Undefined index: cate_id D:\wamp\PHPTutorial\shop\Application\Runtime\Cache\Admin\a68982ab60d400bc8aceea561f470ef1.php 第 57 行.
NOTIC: [8] Undefined index: cate_id D:\wamp\PHPTutorial\shop\Application\Runtime\Cache\Admin\a68982ab60d400bc8aceea561f470ef1.php 第 57 行.
NOTIC: [8] Undefined index: cate_id D:\wamp\PHPTutorial\shop\Application\Runtime\Cache\Admin\a68982ab60d400bc8aceea561f470ef1.php 第 57 行.
NOTIC: [8] Undefined index: cate_id D:\wamp\PHPTutorial\shop\Application\Runtime\Cache\Admin\a68982ab60d400bc8aceea561f470ef1.php 第 57 行.
NOTIC: [8] Undefined index: shop_price D:\wamp\PHPTutorial\shop\Application\Runtime\Cache\Admin\a68982ab60d400bc8aceea561f470ef1.php 第 66 行.
NOTIC: [8] Undefined index: is_hot D:\wamp\PHPTutorial\shop\Application\Runtime\Cache\Admin\a68982ab60d400bc8aceea561f470ef1.php 第 74 行.
NOTIC: [8] Undefined index: is_new D:\wamp\PHPTutorial\shop\Application\Runtime\Cache\Admin\a68982ab60d400bc8aceea561f470ef1.php 第 75 行.
NOTIC: [8] Undefined index: is_rec D:\wamp\PHPTutorial\shop\Application\Runtime\Cache\Admin\a68982ab60d400bc8aceea561f470ef1.php 第 76 行.
NOTIC: [8] Undefined index: market_price D:\wamp\PHPTutorial\shop\Application\Runtime\Cache\Admin\a68982ab60d400bc8aceea561f470ef1.php 第 83 行.
NOTIC: [8] Undefined index: goods_img D:\wamp\PHPTutorial\shop\Application\Runtime\Cache\Admin\a68982ab60d400bc8aceea561f470ef1.php 第 90 行.
NOTIC: [8] Undefined index: goods_thumb D:\wamp\PHPTutorial\shop\Application\Runtime\Cache\Admin\a68982ab60d400bc8aceea561f470ef1.php 第 91 行.
NOTIC: [8] Undefined index: goods_img D:\wamp\PHPTutorial\shop\Application\Runtime\Cache\Admin\a68982ab60d400bc8aceea561f470ef1.php 第 98 行.
NOTIC: [8] Undefined index: type_id D:\wamp\PHPTutorial\shop\Application\Runtime\Cache\Admin\a68982ab60d400bc8aceea561f470ef1.php 第 126 行.
NOTIC: [8] Undefined index: type_id D:\wamp\PHPTutorial\shop\Application\Runtime\Cache\Admin\a68982ab60d400bc8aceea561f470ef1.php 第 126 行.
NOTIC: [8] Undefined index: type_id D:\wamp\PHPTutorial\shop\Application\Runtime\Cache\Admin\a68982ab60d400bc8aceea561f470ef1.php 第 126 行.
NOTIC: [8] Undefined index: type_id D:\wamp\PHPTutorial\shop\Application\Runtime\Cache\Admin\a68982ab60d400bc8aceea561f470ef1.php 第 126 行.
NOTIC: [8] Undefined index: id D:\wamp\PHPTutorial\shop\Application\Runtime\Cache\Admin\a68982ab60d400bc8aceea561f470ef1.php 第 167 行.
INFO: Run Behavior\ParseTemplateBehavior [ RunTime:0.201965s ]
INFO: [ view_parse ] --END-- [ RunTime:0.202022s ]
INFO: [ view_filter ] --START--
INFO: Run Behavior\WriteHtmlCacheBehavior [ RunTime:0.000152s ]
INFO: [ view_filter ] --END-- [ RunTime:0.000174s ]
INFO: [ app_end ] --START--
INFO: Run Behavior\ShowPageTraceBehavior [ RunTime:0.000471s ]
INFO: [ app_end ] --END-- [ RunTime:0.000517s ]

[ 2017-12-07T14:47:40+08:00 ] 127.0.0.1 /Admin/Goods/showAttr.html
INFO: [ app_init ] --START--
INFO: Run Behavior\BuildLiteBehavior [ RunTime:0.000010s ]
INFO: [ app_init ] --END-- [ RunTime:0.000230s ]
INFO: [ app_begin ] --START--
INFO: Run Behavior\ReadHtmlCacheBehavior [ RunTime:0.000284s ]
INFO: [ app_begin ] --END-- [ RunTime:0.000314s ]
SQL: SELECT * FROM `shop_attribute` WHERE ( type_id=18 )  [ RunTime:0.0004s ]
INFO: [ view_parse ] --START--
INFO: [ template_filter ] --START--
INFO: Run Behavior\ContentReplaceBehavior [ RunTime:0.000033s ]
INFO: [ template_filter ] --END-- [ RunTime:0.000072s ]
INFO: Run Behavior\ParseTemplateBehavior [ RunTime:0.027456s ]
INFO: [ view_parse ] --END-- [ RunTime:0.027523s ]
INFO: [ view_filter ] --START--
INFO: Run Behavior\WriteHtmlCacheBehavior [ RunTime:0.000285s ]
INFO: [ view_filter ] --END-- [ RunTime:0.000327s ]
INFO: [ app_end ] --START--
INFO: Run Behavior\ShowPageTraceBehavior [ RunTime:0.000542s ]
INFO: [ app_end ] --END-- [ RunTime:0.000589s ]

[ 2017-12-07T14:48:01+08:00 ] 127.0.0.1 /Admin/Goods/index
INFO: [ app_init ] --START--
INFO: Run Behavior\BuildLiteBehavior [ RunTime:0.000025s ]
INFO: [ app_init ] --END-- [ RunTime:0.000280s ]
INFO: [ app_begin ] --START--
INFO: Run Behavior\ReadHtmlCacheBehavior [ RunTime:0.000329s ]
INFO: [ app_begin ] --END-- [ RunTime:0.000361s ]
SQL: SHOW COLUMNS FROM `shop_category` [ RunTime:0.1064s ]
SQL: SELECT COUNT(*) AS tp_count FROM `shop_goods` WHERE ( is_del= 1 ) LIMIT 1   [ RunTime:0.0002s ]
SQL: SELECT * FROM `shop_goods` WHERE ( is_del= 1 ) LIMIT 0,20   [ RunTime:0.0004s ]
NOTIC: [8] Undefined offset: 2 D:\wamp\PHPTutorial\shop\Application\Admin\Model\GoodsModel.class.php 第 142 行.
INFO: [ view_parse ] --START--
INFO: [ template_filter ] --START--
INFO: Run Behavior\ContentReplaceBehavior [ RunTime:0.000064s ]
INFO: [ template_filter ] --END-- [ RunTime:0.000099s ]
INFO: Run Behavior\ParseTemplateBehavior [ RunTime:0.047216s ]
INFO: [ view_parse ] --END-- [ RunTime:0.047256s ]
INFO: [ view_filter ] --START--
INFO: Run Behavior\WriteHtmlCacheBehavior [ RunTime:0.000179s ]
INFO: [ view_filter ] --END-- [ RunTime:0.000204s ]
INFO: [ app_end ] --START--
INFO: Run Behavior\ShowPageTraceBehavior [ RunTime:0.000402s ]
INFO: [ app_end ] --END-- [ RunTime:0.000445s ]

[ 2017-12-07T14:48:05+08:00 ] 127.0.0.1 /Admin/Goods/index
INFO: [ app_init ] --START--
INFO: Run Behavior\BuildLiteBehavior [ RunTime:0.000009s ]
INFO: [ app_init ] --END-- [ RunTime:0.000266s ]
INFO: [ app_begin ] --START--
INFO: Run Behavior\ReadHtmlCacheBehavior [ RunTime:0.000327s ]
INFO: [ app_begin ] --END-- [ RunTime:0.000363s ]
SQL: SHOW COLUMNS FROM `shop_category` [ RunTime:0.0166s ]
SQL: SELECT COUNT(*) AS tp_count FROM `shop_goods` WHERE ( is_del= 1 ) LIMIT 1   [ RunTime:0.0002s ]
SQL: SELECT * FROM `shop_goods` WHERE ( is_del= 1 ) LIMIT 0,20   [ RunTime:0.0003s ]
NOTIC: [8] Undefined offset: 2 D:\wamp\PHPTutorial\shop\Application\Admin\Model\GoodsModel.class.php 第 142 行.
INFO: [ view_parse ] --START--
INFO: [ template_filter ] --START--
INFO: Run Behavior\ContentReplaceBehavior [ RunTime:0.000061s ]
INFO: [ template_filter ] --END-- [ RunTime:0.000092s ]
INFO: Run Behavior\ParseTemplateBehavior [ RunTime:0.006306s ]
INFO: [ view_parse ] --END-- [ RunTime:0.006344s ]
INFO: [ view_filter ] --START--
INFO: Run Behavior\WriteHtmlCacheBehavior [ RunTime:0.000150s ]
INFO: [ view_filter ] --END-- [ RunTime:0.000173s ]
INFO: [ app_end ] --START--
INFO: Run Behavior\ShowPageTraceBehavior [ RunTime:0.000404s ]
INFO: [ app_end ] --END-- [ RunTime:0.000440s ]

[ 2017-12-07T14:48:09+08:00 ] 127.0.0.1 /Admin/Goods/index
INFO: [ app_init ] --START--
INFO: Run Behavior\BuildLiteBehavior [ RunTime:0.000008s ]
INFO: [ app_init ] --END-- [ RunTime:0.000217s ]
INFO: [ app_begin ] --START--
INFO: Run Behavior\ReadHtmlCacheBehavior [ RunTime:0.000267s ]
INFO: [ app_begin ] --END-- [ RunTime:0.000297s ]
SQL: SHOW COLUMNS FROM `shop_category` [ RunTime:0.1582s ]
SQL: SELECT COUNT(*) AS tp_count FROM `shop_goods` WHERE ( is_del= 1 ) LIMIT 1   [ RunTime:0.0006s ]
SQL: SELECT * FROM `shop_goods` WHERE ( is_del= 1 ) LIMIT 0,20   [ RunTime:0.0008s ]
NOTIC: [8] Undefined offset: 2 D:\wamp\PHPTutorial\shop\Application\Admin\Model\GoodsModel.class.php 第 142 行.
INFO: [ view_parse ] --START--
INFO: [ template_filter ] --START--
INFO: Run Behavior\ContentReplaceBehavior [ RunTime:0.000179s ]
INFO: [ template_filter ] --END-- [ RunTime:0.000276s ]
INFO: Run Behavior\ParseTemplateBehavior [ RunTime:0.020108s ]
INFO: [ view_parse ] --END-- [ RunTime:0.020225s ]
INFO: [ view_filter ] --START--
INFO: Run Behavior\WriteHtmlCacheBehavior [ RunTime:0.000498s ]
INFO: [ view_filter ] --END-- [ RunTime:0.000577s ]
INFO: [ app_end ] --START--
INFO: Run Behavior\ShowPageTraceBehavior [ RunTime:0.001089s ]
INFO: [ app_end ] --END-- [ RunTime:0.001191s ]

[ 2017-12-07T14:48:17+08:00 ] 127.0.0.1 /Admin/Goods/index
INFO: [ app_init ] --START--
INFO: Run Behavior\BuildLiteBehavior [ RunTime:0.000010s ]
INFO: [ app_init ] --END-- [ RunTime:0.000264s ]
INFO: [ app_begin ] --START--
INFO: Run Behavior\ReadHtmlCacheBehavior [ RunTime:0.000322s ]
INFO: [ app_begin ] --END-- [ RunTime:0.000358s ]
SQL: SHOW COLUMNS FROM `shop_category` [ RunTime:0.1033s ]
SQL: SELECT COUNT(*) AS tp_count FROM `shop_goods` WHERE ( is_del= 1 ) LIMIT 1   [ RunTime:0.0005s ]
SQL: SELECT * FROM `shop_goods` WHERE ( is_del= 1 ) LIMIT 0,20   [ RunTime:0.0007s ]
NOTIC: [8] Undefined offset: 2 D:\wamp\PHPTutorial\shop\Application\Admin\Model\GoodsModel.class.php 第 142 行.
INFO: [ view_parse ] --START--
INFO: [ template_filter ] --START--
INFO: Run Behavior\ContentReplaceBehavior [ RunTime:0.000227s ]
INFO: [ template_filter ] --END-- [ RunTime:0.000333s ]
INFO: Run Behavior\ParseTemplateBehavior [ RunTime:0.019015s ]
INFO: [ view_parse ] --END-- [ RunTime:0.019103s ]
INFO: [ view_filter ] --START--
INFO: Run Behavior\WriteHtmlCacheBehavior [ RunTime:0.000630s ]
INFO: [ view_filter ] --END-- [ RunTime:0.000708s ]
INFO: [ app_end ] --START--
INFO: Run Behavior\ShowPageTraceBehavior [ RunTime:0.001184s ]
INFO: [ app_end ] --END-- [ RunTime:0.001306s ]

[ 2017-12-07T14:48:20+08:00 ] 127.0.0.1 /Admin/Goods/index
INFO: [ app_init ] --START--
INFO: Run Behavior\BuildLiteBehavior [ RunTime:0.000010s ]
INFO: [ app_init ] --END-- [ RunTime:0.000266s ]
INFO: [ app_begin ] --START--
INFO: Run Behavior\ReadHtmlCacheBehavior [ RunTime:0.000329s ]
INFO: [ app_begin ] --END-- [ RunTime:0.000365s ]
SQL: SHOW COLUMNS FROM `shop_category` [ RunTime:0.0131s ]
SQL: SELECT COUNT(*) AS tp_count FROM `shop_goods` WHERE ( is_del= 1 ) LIMIT 1   [ RunTime:0.0002s ]
SQL: SELECT * FROM `shop_goods` WHERE ( is_del= 1 ) LIMIT 0,20   [ RunTime:0.0003s ]
NOTIC: [8] Undefined offset: 2 D:\wamp\PHPTutorial\shop\Application\Admin\Model\GoodsModel.class.php 第 142 行.
INFO: [ view_parse ] --START--
INFO: [ template_filter ] --START--
INFO: Run Behavior\ContentReplaceBehavior [ RunTime:0.000062s ]
INFO: [ template_filter ] --END-- [ RunTime:0.000095s ]
INFO: Run Behavior\ParseTemplateBehavior [ RunTime:0.006683s ]
INFO: [ view_parse ] --END-- [ RunTime:0.006727s ]
INFO: [ view_filter ] --START--
INFO: Run Behavior\WriteHtmlCacheBehavior [ RunTime:0.000198s ]
INFO: [ view_filter ] --END-- [ RunTime:0.000225s ]
INFO: [ app_end ] --START--
INFO: Run Behavior\ShowPageTraceBehavior [ RunTime:0.000403s ]
INFO: [ app_end ] --END-- [ RunTime:0.000444s ]

[ 2017-12-07T15:32:06+08:00 ] 127.0.0.1 /admin/login/login
INFO: [ app_init ] --START--
INFO: Run Behavior\BuildLiteBehavior [ RunTime:0.000008s ]
INFO: [ app_init ] --END-- [ RunTime:0.000269s ]
INFO: [ app_begin ] --START--
INFO: Run Behavior\ReadHtmlCacheBehavior [ RunTime:0.000370s ]
INFO: [ app_begin ] --END-- [ RunTime:0.000407s ]
INFO: [ view_parse ] --START--
INFO: [ template_filter ] --START--
INFO: Run Behavior\ContentReplaceBehavior [ RunTime:0.000046s ]
INFO: [ template_filter ] --END-- [ RunTime:0.000092s ]
INFO: Run Behavior\ParseTemplateBehavior [ RunTime:0.013072s ]
INFO: [ view_parse ] --END-- [ RunTime:0.013124s ]
INFO: [ view_filter ] --START--
INFO: Run Behavior\WriteHtmlCacheBehavior [ RunTime:0.000212s ]
INFO: [ view_filter ] --END-- [ RunTime:0.000236s ]

[ 2017-12-07T15:32:06+08:00 ] 127.0.0.1 /Admin/Login/verify.html
INFO: [ app_init ] --START--
INFO: Run Behavior\BuildLiteBehavior [ RunTime:0.000015s ]
INFO: [ app_init ] --END-- [ RunTime:0.000369s ]
INFO: [ app_begin ] --START--
INFO: Run Behavior\ReadHtmlCacheBehavior [ RunTime:0.000496s ]
INFO: [ app_begin ] --END-- [ RunTime:0.000554s ]
INFO: [ app_end ] --START--
INFO: Run Behavior\ShowPageTraceBehavior [ RunTime:0.000435s ]
INFO: [ app_end ] --END-- [ RunTime:0.000489s ]

